SeekARide/app/build/outputs/logs/manifest-merger-debug-report.txt
-- Merging decision tree log ---
manifest
ADDED from src\main\AndroidManifest.xml:2:1-65:12
	xmlns:android
		ADDED from src\main\AndroidManifest.xml:2:11-69
	package
		ADDED from src\main\AndroidManifest.xml:3:5-48
		INJECTED from src\main\AndroidManifest.xml
		INJECTED from src\main\AndroidManifest.xml
	android:versionName
		INJECTED from src\main\AndroidManifest.xml
		INJECTED from src\main\AndroidManifest.xml
	android:versionCode
		INJECTED from src\main\AndroidManifest.xml
		INJECTED from src\main\AndroidManifest.xml
uses-permission#android.permission.INTERNET
ADDED from src\main\AndroidManifest.xml:5:5-67
MERGED from [org.osmdroid:osmdroid-android:5.5:release] AndroidManifest.xml:20:5-67
	android:name
		ADDED from src\main\AndroidManifest.xml:5:22-64
application
ADDED from src\main\AndroidManifest.xml:7:5-63:19
MERGED from [com.github.MKergall:osmbonuspack:6.0] AndroidManifest.xml:11:5-20
MERGED from [com.android.support:support-v4:23.1.1] AndroidManifest.xml:22:5-20
MERGED from [com.android.support:appcompat-v7:18.0.0] AndroidManifest.xml:19:5-20
MERGED from [com.android.support:support-v4:23.1.1] AndroidManifest.xml:22:5-20
	android:supportsRtl
		ADDED from src\main\AndroidManifest.xml:11:9-35
	android:label
		ADDED from src\main\AndroidManifest.xml:10:9-41
	android:allowBackup
		ADDED from src\main\AndroidManifest.xml:8:9-35
	android:icon
		ADDED from src\main\AndroidManifest.xml:9:9-43
	android:theme
		ADDED from src\main\AndroidManifest.xml:12:9-67
activity#com.c301t19.cs.ualberta.seekaride.activities.MainActivity
ADDED from src\main\AndroidManifest.xml:13:9-19:20
	android:name
		ADDED from src\main\AndroidManifest.xml:13:19-58
intent-filter#android.intent.action.MAIN+android.intent.category.LAUNCHER
ADDED from src\main\AndroidManifest.xml:14:13-18:29
action#android.intent.action.MAIN
ADDED from src\main\AndroidManifest.xml:15:17-69
	android:name
		ADDED from src\main\AndroidManifest.xml:15:25-66
category#android.intent.category.LAUNCHER
ADDED from src\main\AndroidManifest.xml:17:17-77
	android:name
		ADDED from src\main\AndroidManifest.xml:17:27-74
activity#com.c301t19.cs.ualberta.seekaride.activities.RiderActivity
ADDED from src\main\AndroidManifest.xml:20:9-62
	android:name
		ADDED from src\main\AndroidManifest.xml:20:19-59
activity#com.c301t19.cs.ualberta.seekaride.activities.DriverActivity
ADDED from src\main\AndroidManifest.xml:21:9-63
	android:name
		ADDED from src\main\AndroidManifest.xml:21:19-60
activity#com.c301t19.cs.ualberta.seekaride.activities.AddRequestActivity
ADDED from src\main\AndroidManifest.xml:22:9-67
	android:name
		ADDED from src\main\AndroidManifest.xml:22:19-64
activity#com.c301t19.cs.ualberta.seekaride.activities.SearchRequestsActivity
ADDED from src\main\AndroidManifest.xml:23:9-71
	android:name
		ADDED from src\main\AndroidManifest.xml:23:19-68
activity#com.c301t19.cs.ualberta.seekaride.activities.NewAccountActivity
ADDED from src\main\AndroidManifest.xml:24:9-26:66
	android:label
		ADDED from src\main\AndroidManifest.xml:26:13-63
	android:name
		ADDED from src\main\AndroidManifest.xml:25:13-58
activity#com.c301t19.cs.ualberta.seekaride.activities.ViewProfileActivity
ADDED from src\main\AndroidManifest.xml:27:9-29:67
	android:label
		ADDED from src\main\AndroidManifest.xml:29:13-64
	android:name
		ADDED from src\main\AndroidManifest.xml:28:13-59
activity#com.c301t19.cs.ualberta.seekaride.activities.EditAccountActivity
ADDED from src\main\AndroidManifest.xml:30:9-32:67
	android:label
		ADDED from src\main\AndroidManifest.xml:32:13-64
	android:name
		ADDED from src\main\AndroidManifest.xml:31:13-59
activity#com.c301t19.cs.ualberta.seekaride.activities.EditRequestActivity
ADDED from src\main\AndroidManifest.xml:33:9-35:67
	android:label
		ADDED from src\main\AndroidManifest.xml:35:13-64
	android:name
		ADDED from src\main\AndroidManifest.xml:34:13-59
activity#com.c301t19.cs.ualberta.seekaride.AcceptRiderActivity
ADDED from src\main\AndroidManifest.xml:36:9-38:67
	android:label
		ADDED from src\main\AndroidManifest.xml:38:13-64
	android:name
		ADDED from src\main\AndroidManifest.xml:37:13-48
activity#com.c301t19.cs.ualberta.seekaride.deprecated.AcceptDriverActivity
ADDED from src\main\AndroidManifest.xml:39:9-41:68
	android:label
		ADDED from src\main\AndroidManifest.xml:41:13-65
	android:name
		ADDED from src\main\AndroidManifest.xml:40:13-60
activity#com.c301t19.cs.ualberta.seekaride.activities.SearchResultsActivity
ADDED from src\main\AndroidManifest.xml:42:9-44:69
	android:label
		ADDED from src\main\AndroidManifest.xml:44:13-66
	android:name
		ADDED from src\main\AndroidManifest.xml:43:13-61
activity#com.c301t19.cs.ualberta.seekaride.activities.ViewOfferActivity
ADDED from src\main\AndroidManifest.xml:45:9-47:65
	android:label
		ADDED from src\main\AndroidManifest.xml:47:13-62
	android:name
		ADDED from src\main\AndroidManifest.xml:46:13-57
activity#com.c301t19.cs.ualberta.seekaride.deprecated.ReviewOfferActivity
ADDED from src\main\AndroidManifest.xml:48:9-50:67
	android:label
		ADDED from src\main\AndroidManifest.xml:50:13-64
	android:name
		ADDED from src\main\AndroidManifest.xml:49:13-59
activity#com.c301t19.cs.ualberta.seekaride.activities.MapActivity
ADDED from src\main\AndroidManifest.xml:51:9-53:58
	android:label
		ADDED from src\main\AndroidManifest.xml:53:13-55
	android:name
		ADDED from src\main\AndroidManifest.xml:52:13-51
activity#com.c301t19.cs.ualberta.seekaride.activities.RCompleteActivity
ADDED from src\main\AndroidManifest.xml:54:9-56:64
	android:label
		ADDED from src\main\AndroidManifest.xml:56:13-61
	android:name
		ADDED from src\main\AndroidManifest.xml:55:13-57
activity#com.c301t19.cs.ualberta.seekaride.deprecated.TestingActivity
ADDED from src\main\AndroidManifest.xml:57:9-64
	android:name
		ADDED from src\main\AndroidManifest.xml:57:19-61
activity#com.c301t19.cs.ualberta.seekaride.activities.ChooseLocationsActivity
ADDED from src\main\AndroidManifest.xml:58:9-72
	android:name
		ADDED from src\main\AndroidManifest.xml:58:19-69
activity#com.c301t19.cs.ualberta.seekaride.deprecated.LoginActivity
ADDED from src\main\AndroidManifest.xml:59:9-62:20
	android:label
		ADDED from src\main\AndroidManifest.xml:61:13-57
	android:name
		ADDED from src\main\AndroidManifest.xml:60:13-53
uses-sdk
INJECTED from src\main\AndroidManifest.xml reason: use-sdk injection requested
MERGED from [com.android.support:multidex:1.0.1] AndroidManifest.xml:18:5-42
MERGED from [com.github.MKergall:osmbonuspack:6.0] AndroidManifest.xml:7:5-9:41
MERGED from [com.android.support:support-v4:23.1.1] AndroidManifest.xml:20:5-43
MERGED from [org.osmdroid:osmdroid-android:5.5:release] AndroidManifest.xml:7:5-9:41
MERGED from [com.android.support:appcompat-v7:18.0.0] AndroidManifest.xml:18:5-42
MERGED from [com.android.support:support-v4:23.1.1] AndroidManifest.xml:20:5-43
	android:targetSdkVersion
		INJECTED from src\main\AndroidManifest.xml
		INJECTED from src\main\AndroidManifest.xml
	android:minSdkVersion
		INJECTED from src\main\AndroidManifest.xml
		INJECTED from src\main\AndroidManifest.xml
supports-screens
ADDED from [org.osmdroid:osmdroid-android:5.5:release] AndroidManifest.xml:11:5-14:40
	android:largeScreens
		ADDED from [org.osmdroid:osmdroid-android:5.5:release] AndroidManifest.xml:13:9-36
	android:anyDensity
		ADDED from [org.osmdroid:osmdroid-android:5.5:release] AndroidManifest.xml:12:9-34
	android:normalScreens
		ADDED from [org.osmdroid:osmdroid-android:5.5:release] AndroidManifest.xml:14:9-37
uses-permission#android.permission.ACCESS_FINE_LOCATION
ADDED from [org.osmdroid:osmdroid-android:5.5:release] AndroidManifest.xml:16:5-79
	android:name
		ADDED from [org.osmdroid:osmdroid-android:5.5:release] AndroidManifest.xml:16:22-76
uses-permission#android.permission.ACCESS_COARSE_LOCATION
ADDED from [org.osmdroid:osmdroid-android:5.5:release] AndroidManifest.xml:17:5-81
	android:name
		ADDED from [org.osmdroid:osmdroid-android:5.5:release] AndroidManifest.xml:17:22-78
uses-permission#android.permission.ACCESS_WIFI_STATE
ADDED from [org.osmdroid:osmdroid-android:5.5:release] AndroidManifest.xml:18:5-76
	android:name
		ADDED from [org.osmdroid:osmdroid-android:5.5:release] AndroidManifest.xml:18:22-73
uses-permission#android.permission.ACCESS_NETWORK_STATE
ADDED from [org.osmdroid:osmdroid-android:5.5:release] AndroidManifest.xml:19:5-79
	android:name
		ADDED from [org.osmdroid:osmdroid-android:5.5:release] AndroidManifest.xml:19:22-76
uses-permission#android.permission.WRITE_EXTERNAL_STORAGE
ADDED from [org.osmdroid:osmdroid-android:5.5:release] AndroidManifest.xml:21:5-81
	android:name
		ADDED from [org.osmdroid:osmdroid-android:5.5:release] AndroidManifest.xml:21:22-78
uses-permission#android.permission.READ_EXTERNAL_STORAGE
ADDED from [org.osmdroid:osmdroid-android:5.5:release] AndroidManifest.xml:22:5-80
	android:name
		ADDED from [org.osmdroid:osmdroid-android:5.5:release] AndroidManifest.xml:22:22-77
uses-feature#android.hardware.location.network
ADDED from [org.osmdroid:osmdroid-android:5.5:release] AndroidManifest.xml:24:5-26:36
	android:required
		ADDED from [org.osmdroid:osmdroid-android:5.5:release] AndroidManifest.xml:26:9-33
	android:name
		ADDED from [org.osmdroid:osmdroid-android:5.5:release] AndroidManifest.xml:25:9-57
uses-feature#android.hardware.location.gps
ADDED from [org.osmdroid:osmdroid-android:5.5:release] AndroidManifest.xml:27:5-29:36
	android:required
		ADDED from [org.osmdroid:osmdroid-android:5.5:release] AndroidManifest.xml:29:9-33
	android:name
		ADDED from [org.osmdroid:osmdroid-android:5.5:release] AndroidManifest.xml:28:9-53
uses-feature#android.hardware.telephony
ADDED from [org.osmdroid:osmdroid-android:5.5:release] AndroidManifest.xml:30:5-32:36
	android:required
		ADDED from [org.osmdroid:osmdroid-android:5.5:release] AndroidManifest.xml:32:9-33
	android:name
		ADDED from [org.osmdroid:osmdroid-android:5.5:release] AndroidManifest.xml:31:9-50
uses-feature#android.hardware.wifi
ADDED from [org.osmdroid:osmdroid-android:5.5:release] AndroidManifest.xml:33:5-35:36
	android:required
		ADDED from [org.osmdroid:osmdroid-android:5.5:release] AndroidManifest.xml:35:9-33
	android:name
		ADDED from [org.osmdroid:osmdroid-android:5.5:release] AndroidManifest.xml:34:9-45